<?xml version="1.0" encoding="UTF-8"?>
<testng-results ignored="0" total="1" passed="1" failed="0" skipped="0">
  <reporter-output>
  </reporter-output>
  <suite started-at="2018-09-21T12:43:35Z" name="API Automation test run" finished-at="2018-09-21T12:43:44Z" duration-ms="8847">
    <groups>
      <group name="weatherinfo">
        <method signature="weatherInfoTest.toverifysuccesscase()[pri:0, instance:com.knoldus.restassured.weatherInfoTest@7c83dc97]" name="toverifysuccesscase" class="com.knoldus.restassured.weatherInfoTest"/>
      </group> <!-- weatherinfo -->
    </groups>
    <test started-at="2018-09-21T12:43:35Z" name="HEALTH CHECK" finished-at="2018-09-21T12:43:44Z" duration-ms="8847">
      <class name="com.knoldus.restassured.weatherInfoTest">
        <test-method signature="toverifysuccesscase()[pri:0, instance:com.knoldus.restassured.weatherInfoTest@7c83dc97]" started-at="2018-09-21T12:43:35Z" name="toverifysuccesscase" finished-at="2018-09-21T12:43:44Z" duration-ms="8820" status="PASS">
          <reporter-output>
          </reporter-output>
        </test-method> <!-- toverifysuccesscase -->
      </class> <!-- com.knoldus.restassured.weatherInfoTest -->
    </test> <!-- HEALTH CHECK -->
  </suite> <!-- API Automation test run -->
</testng-results>
